CRITICAL - 2022-06-28 09:04:56 --> The framework needs the following extension(s) installed and loaded: intl.
in SYSTEMPATH\CodeIgniter.php on line 231.
 1 SYSTEMPATH\CodeIgniter.php(231): CodeIgniter\Exceptions\FrameworkException::forMissingExtension('intl')
 2 SYSTEMPATH\CodeIgniter.php(189): CodeIgniter\CodeIgniter->resolvePlatformExtensions()
 3 ROOTPATH\spark(71): CodeIgniter\CodeIgniter->initialize()
CRITICAL - 2022-06-28 09:09:14 --> The framework needs the following extension(s) installed and loaded: intl.
in SYSTEMPATH\CodeIgniter.php on line 231.
 1 SYSTEMPATH\CodeIgniter.php(231): CodeIgniter\Exceptions\FrameworkException::forMissingExtension('intl')
 2 SYSTEMPATH\CodeIgniter.php(189): CodeIgniter\CodeIgniter->resolvePlatformExtensions()
 3 ROOTPATH\spark(71): CodeIgniter\CodeIgniter->initialize()
CRITICAL - 2022-06-28 03:06:14 --> Invalid file: contact.php
in SYSTEMPATH\Exceptions\FrameworkException.php on line 33.
 1 SYSTEMPATH\View\View.php(201): CodeIgniter\Exceptions\FrameworkException::forInvalidFile('contact.php')
 2 SYSTEMPATH\Common.php(1135): CodeIgniter\View\View->render('contact', [], true)
 3 APPPATH\Controllers\page.php(18): view('contact', [...])
 4 SYSTEMPATH\CodeIgniter.php(898): App\Controllers\Page->contact()
 5 SYSTEMPATH\CodeIgniter.php(468): CodeIgniter\CodeIgniter->runController(Object(App\Controllers\Page))
 6 SYSTEMPATH\CodeIgniter.php(351): CodeIgniter\CodeIgniter->handleRequest(null, Object(Config\Cache), false)
 7 FCPATH\index.php(55): CodeIgniter\CodeIgniter->run()
CRITICAL - 2022-06-28 03:08:09 --> Invalid file: contact.php
in SYSTEMPATH\Exceptions\FrameworkException.php on line 33.
 1 SYSTEMPATH\View\View.php(201): CodeIgniter\Exceptions\FrameworkException::forInvalidFile('contact.php')
 2 SYSTEMPATH\Common.php(1135): CodeIgniter\View\View->render('contact', [], true)
 3 APPPATH\Controllers\page.php(18): view('contact', [...])
 4 SYSTEMPATH\CodeIgniter.php(898): App\Controllers\Page->contact()
 5 SYSTEMPATH\CodeIgniter.php(468): CodeIgniter\CodeIgniter->runController(Object(App\Controllers\Page))
 6 SYSTEMPATH\CodeIgniter.php(351): CodeIgniter\CodeIgniter->handleRequest(null, Object(Config\Cache), false)
 7 FCPATH\index.php(55): CodeIgniter\CodeIgniter->run()
CRITICAL - 2022-06-28 06:11:48 --> Invalid file: contact.php
in SYSTEMPATH\Exceptions\FrameworkException.php on line 33.
 1 SYSTEMPATH\View\View.php(201): CodeIgniter\Exceptions\FrameworkException::forInvalidFile('contact.php')
 2 SYSTEMPATH\Common.php(1135): CodeIgniter\View\View->render('contact', [], true)
 3 APPPATH\Controllers\page.php(18): view('contact', [...])
 4 SYSTEMPATH\CodeIgniter.php(898): App\Controllers\Page->contact()
 5 SYSTEMPATH\CodeIgniter.php(468): CodeIgniter\CodeIgniter->runController(Object(App\Controllers\Page))
 6 SYSTEMPATH\CodeIgniter.php(351): CodeIgniter\CodeIgniter->handleRequest(null, Object(Config\Cache), false)
 7 FCPATH\index.php(55): CodeIgniter\CodeIgniter->run()
CRITICAL - 2022-06-28 06:31:09 --> Invalid file: contact.php
in SYSTEMPATH\Exceptions\FrameworkException.php on line 33.
 1 SYSTEMPATH\View\View.php(201): CodeIgniter\Exceptions\FrameworkException::forInvalidFile('contact.php')
 2 SYSTEMPATH\Common.php(1135): CodeIgniter\View\View->render('contact', [], true)
 3 APPPATH\Controllers\page.php(19): view('contact', [...])
 4 SYSTEMPATH\CodeIgniter.php(898): App\Controllers\Page->contact()
 5 SYSTEMPATH\CodeIgniter.php(468): CodeIgniter\CodeIgniter->runController(Object(App\Controllers\Page))
 6 SYSTEMPATH\CodeIgniter.php(351): CodeIgniter\CodeIgniter->handleRequest(null, Object(Config\Cache), false)
 7 FCPATH\index.php(55): CodeIgniter\CodeIgniter->run()
CRITICAL - 2022-06-28 06:32:32 --> syntax error, unexpected token "public", expecting "{"
in APPPATH\Controllers\page.php on line 19.
 1 SYSTEMPATH\Autoloader\Autoloader.php(261): CodeIgniter\Autoloader\Autoloader->includeFile('APPPATH\\Controllers\\page.php')
 2 SYSTEMPATH\Autoloader\Autoloader.php(239): CodeIgniter\Autoloader\Autoloader->loadInNamespace('App\\Controllers\\Page')
 3 [internal function]: CodeIgniter\Autoloader\Autoloader->loadClass('App\\Controllers\\Page')
 4 SYSTEMPATH\CodeIgniter.php(848): class_exists('\\App\\Controllers\\Page', true)
 5 SYSTEMPATH\CodeIgniter.php(455): CodeIgniter\CodeIgniter->startController()
 6 SYSTEMPATH\CodeIgniter.php(351): CodeIgniter\CodeIgniter->handleRequest(null, Object(Config\Cache), false)
 7 FCPATH\index.php(55): CodeIgniter\CodeIgniter->run()
CRITICAL - 2022-06-28 06:33:00 --> syntax error, unexpected token "public", expecting "{"
in APPPATH\Controllers\page.php on line 19.
 1 SYSTEMPATH\Autoloader\Autoloader.php(261): CodeIgniter\Autoloader\Autoloader->includeFile('APPPATH\\Controllers\\page.php')
 2 SYSTEMPATH\Autoloader\Autoloader.php(239): CodeIgniter\Autoloader\Autoloader->loadInNamespace('App\\Controllers\\Page')
 3 [internal function]: CodeIgniter\Autoloader\Autoloader->loadClass('App\\Controllers\\Page')
 4 SYSTEMPATH\CodeIgniter.php(848): class_exists('\\App\\Controllers\\Page', true)
 5 SYSTEMPATH\CodeIgniter.php(455): CodeIgniter\CodeIgniter->startController()
 6 SYSTEMPATH\CodeIgniter.php(351): CodeIgniter\CodeIgniter->handleRequest(null, Object(Config\Cache), false)
 7 FCPATH\index.php(55): CodeIgniter\CodeIgniter->run()
CRITICAL - 2022-06-28 06:35:19 --> Invalid file: contact.php
in SYSTEMPATH\Exceptions\FrameworkException.php on line 33.
 1 SYSTEMPATH\View\View.php(201): CodeIgniter\Exceptions\FrameworkException::forInvalidFile('contact.php')
 2 SYSTEMPATH\Common.php(1135): CodeIgniter\View\View->render('contact', [], true)
 3 APPPATH\Controllers\page.php(21): view('contact', [...])
 4 SYSTEMPATH\CodeIgniter.php(898): App\Controllers\Page->contact()
 5 SYSTEMPATH\CodeIgniter.php(468): CodeIgniter\CodeIgniter->runController(Object(App\Controllers\Page))
 6 SYSTEMPATH\CodeIgniter.php(351): CodeIgniter\CodeIgniter->handleRequest(null, Object(Config\Cache), false)
 7 FCPATH\index.php(55): CodeIgniter\CodeIgniter->run()
